\BOOKMARK [0][-]{section*.2}{Spin contributions to spherical modes of gravitational radiation for spin-aligned binaries at the 3.5PN order}{}% 2
\BOOKMARK [1][-]{section*.1}{Abstract}{section*.2}% 1
\BOOKMARK [1][-]{section*.3}{Introduction [to update]}{section*.2}% 3
\BOOKMARK [1][-]{section*.4}{Summary of the formalism}{section*.2}% 4
\BOOKMARK [2][-]{section*.5}{Notations and conventions}{section*.4}% 5
\BOOKMARK [2][-]{section*.6}{Multipolar decomposition of the gravitational waveform}{section*.4}% 6
\BOOKMARK [2][-]{section*.7}{Near-zone post-Newtonian metric and sources}{section*.4}% 7
\BOOKMARK [2][-]{section*.8}{Post-Minkowskian multipolar formalism for wave generation}{section*.4}% 8
\BOOKMARK [1][-]{section*.9}{Spin contributions to the multipolar moments}{section*.2}% 9
\BOOKMARK [2][-]{section*.10}{Leading-order spin contributions}{section*.9}% 10
\BOOKMARK [2][-]{section*.11}{Higher-order contributions source moments}{section*.9}% 11
\BOOKMARK [2][-]{section*.12}{Non-linear contributions to the radiative moments}{section*.9}% 12
\BOOKMARK [1][-]{section*.13}{Results}{section*.2}% 13
\BOOKMARK [2][-]{section*.14}{Spin-weighted spherical modes}{section*.13}% 14
\BOOKMARK [2][-]{section*.15}{Effective-One-Body factorized modes}{section*.13}% 15
\BOOKMARK [2][-]{section*.16}{Comparison to the test-particle limit}{section*.13}% 16
\BOOKMARK [2][-]{section*.17}{Source moments of a boosted Kerr black hole}{section*.13}% 17
\BOOKMARK [1][-]{section*.18}{Acknowledgements}{section*.2}% 18
\BOOKMARK [1][-]{section*.19}{Appendix}{section*.2}% 19
\BOOKMARK [1][-]{section*.20}{References}{section*.2}% 20
